taiwanpetadoptionApp/build/outputs/logs/manifest-merger-release-report.txt
-- Merging decision tree log ---
manifest
ADDED from AndroidManifest.xml:2:1
	package
		ADDED from AndroidManifest.xml:4:5
		INJECTED from AndroidManifest.xml:0:0
		INJECTED from AndroidManifest.xml:0:0
	android:versionName
		ADDED from AndroidManifest.xml:6:5
	xmlns:tools
		ADDED from AndroidManifest.xml:3:5
	android:versionCode
		ADDED from AndroidManifest.xml:5:5
		INJECTED from AndroidManifest.xml:0:0
		INJECTED from AndroidManifest.xml:0:0
	xmlns:android
		ADDED from AndroidManifest.xml:2:11
uses-sdk
ADDED from AndroidManifest.xml:8:5
MERGED from com.android.support:multidex:1.0.1:18:5
MERGED from com.facebook.android:audience-network-sdk:4.17.0:8:5
MERGED from com.android.support:appcompat-v7:25.0.0:21:5
MERGED from com.android.support:support-v4:25.0.0:21:5
MERGED from com.android.support:support-compat:25.0.0:21:5
MERGED from com.android.support:support-media-compat:25.0.0:21:5
MERGED from com.android.support:support-compat:25.0.0:21:5
MERGED from com.android.support:support-core-utils:25.0.0:21:5
MERGED from com.android.support:support-compat:25.0.0:21:5
MERGED from com.android.support:support-core-ui:25.0.0:21:5
MERGED from com.android.support:support-compat:25.0.0:21:5
MERGED from com.android.support:support-fragment:25.0.0:21:5
MERGED from com.android.support:support-compat:25.0.0:21:5
MERGED from com.android.support:support-media-compat:25.0.0:21:5
MERGED from com.android.support:support-compat:25.0.0:21:5
MERGED from com.android.support:support-core-ui:25.0.0:21:5
MERGED from com.android.support:support-compat:25.0.0:21:5
MERGED from com.android.support:support-core-utils:25.0.0:21:5
MERGED from com.android.support:support-compat:25.0.0:21:5
MERGED from com.android.support:support-vector-drawable:25.0.0:21:5
MERGED from com.android.support:support-compat:25.0.0:21:5
MERGED from com.android.support:animated-vector-drawable:25.0.0:20:5
MERGED from com.android.support:support-vector-drawable:25.0.0:21:5
MERGED from com.android.support:support-compat:25.0.0:21:5
MERGED from com.android.support:recyclerview-v7:23.2.0:20:5
MERGED from com.android.support:support-v4:25.0.0:21:5
MERGED from com.android.support:support-compat:25.0.0:21:5
MERGED from com.android.support:support-media-compat:25.0.0:21:5
MERGED from com.android.support:support-compat:25.0.0:21:5
MERGED from com.android.support:support-core-utils:25.0.0:21:5
MERGED from com.android.support:support-compat:25.0.0:21:5
MERGED from com.android.support:support-core-ui:25.0.0:21:5
MERGED from com.android.support:support-compat:25.0.0:21:5
MERGED from com.android.support:support-fragment:25.0.0:21:5
MERGED from com.android.support:support-compat:25.0.0:21:5
MERGED from com.android.support:support-media-compat:25.0.0:21:5
MERGED from com.android.support:support-compat:25.0.0:21:5
MERGED from com.android.support:support-core-ui:25.0.0:21:5
MERGED from com.android.support:support-compat:25.0.0:21:5
MERGED from com.android.support:support-core-utils:25.0.0:21:5
MERGED from com.android.support:support-compat:25.0.0:21:5
MERGED from com.android.support:support-v4:25.0.0:21:5
MERGED from com.android.support:support-compat:25.0.0:21:5
MERGED from com.android.support:support-media-compat:25.0.0:21:5
MERGED from com.android.support:support-compat:25.0.0:21:5
MERGED from com.android.support:support-core-utils:25.0.0:21:5
MERGED from com.android.support:support-compat:25.0.0:21:5
MERGED from com.android.support:support-core-ui:25.0.0:21:5
MERGED from com.android.support:support-compat:25.0.0:21:5
MERGED from com.android.support:support-fragment:25.0.0:21:5
MERGED from com.android.support:support-compat:25.0.0:21:5
MERGED from com.android.support:support-media-compat:25.0.0:21:5
MERGED from com.android.support:support-compat:25.0.0:21:5
MERGED from com.android.support:support-core-ui:25.0.0:21:5
MERGED from com.android.support:support-compat:25.0.0:21:5
MERGED from com.android.support:support-core-utils:25.0.0:21:5
MERGED from com.android.support:support-compat:25.0.0:21:5
MERGED from com.google.android.exoplayer:exoplayer:r1.5.8:24:5
MERGED from com.google.android.gms:play-services-ads:9.0.0:19:5
MERGED from com.google.android.gms:play-services-ads-lite:9.0.0:23:5
MERGED from com.google.android.gms:play-services-basement:9.0.0:18:5
MERGED from com.android.support:support-v4:25.0.0:21:5
MERGED from com.android.support:support-compat:25.0.0:21:5
MERGED from com.android.support:support-media-compat:25.0.0:21:5
MERGED from com.android.support:support-compat:25.0.0:21:5
MERGED from com.android.support:support-core-utils:25.0.0:21:5
MERGED from com.android.support:support-compat:25.0.0:21:5
MERGED from com.android.support:support-core-ui:25.0.0:21:5
MERGED from com.android.support:support-compat:25.0.0:21:5
MERGED from com.android.support:support-fragment:25.0.0:21:5
MERGED from com.android.support:support-compat:25.0.0:21:5
MERGED from com.android.support:support-media-compat:25.0.0:21:5
MERGED from com.android.support:support-compat:25.0.0:21:5
MERGED from com.android.support:support-core-ui:25.0.0:21:5
MERGED from com.android.support:support-compat:25.0.0:21:5
MERGED from com.android.support:support-core-utils:25.0.0:21:5
MERGED from com.android.support:support-compat:25.0.0:21:5
MERGED from com.google.android.gms:play-services-base:9.0.0:18:5
MERGED from com.google.android.gms:play-services-basement:9.0.0:18:5
MERGED from com.android.support:support-v4:25.0.0:21:5
MERGED from com.android.support:support-compat:25.0.0:21:5
MERGED from com.android.support:support-media-compat:25.0.0:21:5
MERGED from com.android.support:support-compat:25.0.0:21:5
MERGED from com.android.support:support-core-utils:25.0.0:21:5
MERGED from com.android.support:support-compat:25.0.0:21:5
MERGED from com.android.support:support-core-ui:25.0.0:21:5
MERGED from com.android.support:support-compat:25.0.0:21:5
MERGED from com.android.support:support-fragment:25.0.0:21:5
MERGED from com.android.support:support-compat:25.0.0:21:5
MERGED from com.android.support:support-media-compat:25.0.0:21:5
MERGED from com.android.support:support-compat:25.0.0:21:5
MERGED from com.android.support:support-core-ui:25.0.0:21:5
MERGED from com.android.support:support-compat:25.0.0:21:5
MERGED from com.android.support:support-core-utils:25.0.0:21:5
MERGED from com.android.support:support-compat:25.0.0:21:5
MERGED from com.google.firebase:firebase-common:9.0.0:4:5
MERGED from com.google.android.gms:play-services-basement:9.0.0:18:5
MERGED from com.android.support:support-v4:25.0.0:21:5
MERGED from com.android.support:support-compat:25.0.0:21:5
MERGED from com.android.support:support-media-compat:25.0.0:21:5
MERGED from com.android.support:support-compat:25.0.0:21:5
MERGED from com.android.support:support-core-utils:25.0.0:21:5
MERGED from com.android.support:support-compat:25.0.0:21:5
MERGED from com.android.support:support-core-ui:25.0.0:21:5
MERGED from com.android.support:support-compat:25.0.0:21:5
MERGED from com.android.support:support-fragment:25.0.0:21:5
MERGED from com.android.support:support-compat:25.0.0:21:5
MERGED from com.android.support:support-media-compat:25.0.0:21:5
MERGED from com.android.support:support-compat:25.0.0:21:5
MERGED from com.android.support:support-core-ui:25.0.0:21:5
MERGED from com.android.support:support-compat:25.0.0:21:5
MERGED from com.android.support:support-core-utils:25.0.0:21:5
MERGED from com.android.support:support-compat:25.0.0:21:5
MERGED from com.google.android.gms:play-services-tasks:9.0.0:4:5
MERGED from com.google.android.gms:play-services-basement:9.0.0:18:5
MERGED from com.android.support:support-v4:25.0.0:21:5
MERGED from com.android.support:support-compat:25.0.0:21:5
MERGED from com.android.support:support-media-compat:25.0.0:21:5
MERGED from com.android.support:support-compat:25.0.0:21:5
MERGED from com.android.support:support-core-utils:25.0.0:21:5
MERGED from com.android.support:support-compat:25.0.0:21:5
MERGED from com.android.support:support-core-ui:25.0.0:21:5
MERGED from com.android.support:support-compat:25.0.0:21:5
MERGED from com.android.support:support-fragment:25.0.0:21:5
MERGED from com.android.support:support-compat:25.0.0:21:5
MERGED from com.android.support:support-media-compat:25.0.0:21:5
MERGED from com.android.support:support-compat:25.0.0:21:5
MERGED from com.android.support:support-core-ui:25.0.0:21:5
MERGED from com.android.support:support-compat:25.0.0:21:5
MERGED from com.android.support:support-core-utils:25.0.0:21:5
MERGED from com.android.support:support-compat:25.0.0:21:5
MERGED from com.google.android.gms:play-services-tasks:9.0.0:4:5
MERGED from com.google.android.gms:play-services-basement:9.0.0:18:5
MERGED from com.android.support:support-v4:25.0.0:21:5
MERGED from com.android.support:support-compat:25.0.0:21:5
MERGED from com.android.support:support-media-compat:25.0.0:21:5
MERGED from com.android.support:support-compat:25.0.0:21:5
MERGED from com.android.support:support-core-utils:25.0.0:21:5
MERGED from com.android.support:support-compat:25.0.0:21:5
MERGED from com.android.support:support-core-ui:25.0.0:21:5
MERGED from com.android.support:support-compat:25.0.0:21:5
MERGED from com.android.support:support-fragment:25.0.0:21:5
MERGED from com.android.support:support-compat:25.0.0:21:5
MERGED from com.android.support:support-media-compat:25.0.0:21:5
MERGED from com.android.support:support-compat:25.0.0:21:5
MERGED from com.android.support:support-core-ui:25.0.0:21:5
MERGED from com.android.support:support-compat:25.0.0:21:5
MERGED from com.android.support:support-core-utils:25.0.0:21:5
MERGED from com.android.support:support-compat:25.0.0:21:5
MERGED from com.google.android.gms:play-services-basement:9.0.0:18:5
MERGED from com.android.support:support-v4:25.0.0:21:5
MERGED from com.android.support:support-compat:25.0.0:21:5
MERGED from com.android.support:support-media-compat:25.0.0:21:5
MERGED from com.android.support:support-compat:25.0.0:21:5
MERGED from com.android.support:support-core-utils:25.0.0:21:5
MERGED from com.android.support:support-compat:25.0.0:21:5
MERGED from com.android.support:support-core-ui:25.0.0:21:5
MERGED from com.android.support:support-compat:25.0.0:21:5
MERGED from com.android.support:support-fragment:25.0.0:21:5
MERGED from com.android.support:support-compat:25.0.0:21:5
MERGED from com.android.support:support-media-compat:25.0.0:21:5
MERGED from com.android.support:support-compat:25.0.0:21:5
MERGED from com.android.support:support-core-ui:25.0.0:21:5
MERGED from com.android.support:support-compat:25.0.0:21:5
MERGED from com.android.support:support-core-utils:25.0.0:21:5
MERGED from com.android.support:support-compat:25.0.0:21:5
MERGED from com.facebook.android:facebook-android-sdk:4.17.0:24:5
MERGED from com.android.support:support-v4:25.0.0:21:5
MERGED from com.android.support:support-compat:25.0.0:21:5
MERGED from com.android.support:support-media-compat:25.0.0:21:5
MERGED from com.android.support:support-compat:25.0.0:21:5
MERGED from com.android.support:support-core-utils:25.0.0:21:5
MERGED from com.android.support:support-compat:25.0.0:21:5
MERGED from com.android.support:support-core-ui:25.0.0:21:5
MERGED from com.android.support:support-compat:25.0.0:21:5
MERGED from com.android.support:support-fragment:25.0.0:21:5
MERGED from com.android.support:support-compat:25.0.0:21:5
MERGED from com.android.support:support-media-compat:25.0.0:21:5
MERGED from com.android.support:support-compat:25.0.0:21:5
MERGED from com.android.support:support-core-ui:25.0.0:21:5
MERGED from com.android.support:support-compat:25.0.0:21:5
MERGED from com.android.support:support-core-utils:25.0.0:21:5
MERGED from com.android.support:support-compat:25.0.0:21:5
MERGED from com.android.support:appcompat-v7:25.0.0:21:5
MERGED from com.android.support:support-v4:25.0.0:21:5
MERGED from com.android.support:support-compat:25.0.0:21:5
MERGED from com.android.support:support-media-compat:25.0.0:21:5
MERGED from com.android.support:support-compat:25.0.0:21:5
MERGED from com.android.support:support-core-utils:25.0.0:21:5
MERGED from com.android.support:support-compat:25.0.0:21:5
MERGED from com.android.support:support-core-ui:25.0.0:21:5
MERGED from com.android.support:support-compat:25.0.0:21:5
MERGED from com.android.support:support-fragment:25.0.0:21:5
MERGED from com.android.support:support-compat:25.0.0:21:5
MERGED from com.android.support:support-media-compat:25.0.0:21:5
MERGED from com.android.support:support-compat:25.0.0:21:5
MERGED from com.android.support:support-core-ui:25.0.0:21:5
MERGED from com.android.support:support-compat:25.0.0:21:5
MERGED from com.android.support:support-core-utils:25.0.0:21:5
MERGED from com.android.support:support-compat:25.0.0:21:5
MERGED from com.android.support:support-vector-drawable:25.0.0:21:5
MERGED from com.android.support:support-compat:25.0.0:21:5
MERGED from com.android.support:animated-vector-drawable:25.0.0:20:5
MERGED from com.android.support:support-vector-drawable:25.0.0:21:5
MERGED from com.android.support:support-compat:25.0.0:21:5
MERGED from com.android.support:cardview-v7:25.0.0:20:5
MERGED from com.android.support:customtabs:25.0.0:20:5
MERGED from com.android.support:support-compat:25.0.0:21:5
MERGED from com.android.support:support-v4:25.0.0:21:5
MERGED from com.android.support:support-compat:25.0.0:21:5
MERGED from com.android.support:support-media-compat:25.0.0:21:5
MERGED from com.android.support:support-compat:25.0.0:21:5
MERGED from com.android.support:support-core-utils:25.0.0:21:5
MERGED from com.android.support:support-compat:25.0.0:21:5
MERGED from com.android.support:support-core-ui:25.0.0:21:5
MERGED from com.android.support:support-compat:25.0.0:21:5
MERGED from com.android.support:support-fragment:25.0.0:21:5
MERGED from com.android.support:support-compat:25.0.0:21:5
MERGED from com.android.support:support-media-compat:25.0.0:21:5
MERGED from com.android.support:support-compat:25.0.0:21:5
MERGED from com.android.support:support-core-ui:25.0.0:21:5
MERGED from com.android.support:support-compat:25.0.0:21:5
MERGED from com.android.support:support-core-utils:25.0.0:21:5
MERGED from com.android.support:support-compat:25.0.0:21:5
MERGED from com.google.android.gms:play-services-analytics:9.0.0:18:5
MERGED from com.google.android.gms:play-services-analytics-impl:9.0.0:18:5
MERGED from com.google.android.gms:play-services-base:9.0.0:18:5
MERGED from com.google.android.gms:play-services-basement:9.0.0:18:5
MERGED from com.android.support:support-v4:25.0.0:21:5
MERGED from com.android.support:support-compat:25.0.0:21:5
MERGED from com.android.support:support-media-compat:25.0.0:21:5
MERGED from com.android.support:support-compat:25.0.0:21:5
MERGED from com.android.support:support-core-utils:25.0.0:21:5
MERGED from com.android.support:support-compat:25.0.0:21:5
MERGED from com.android.support:support-core-ui:25.0.0:21:5
MERGED from com.android.support:support-compat:25.0.0:21:5
MERGED from com.android.support:support-fragment:25.0.0:21:5
MERGED from com.android.support:support-compat:25.0.0:21:5
MERGED from com.android.support:support-media-compat:25.0.0:21:5
MERGED from com.android.support:support-compat:25.0.0:21:5
MERGED from com.android.support:support-core-ui:25.0.0:21:5
MERGED from com.android.support:support-compat:25.0.0:21:5
MERGED from com.android.support:support-core-utils:25.0.0:21:5
MERGED from com.android.support:support-compat:25.0.0:21:5
MERGED from com.google.firebase:firebase-common:9.0.0:4:5
MERGED from com.google.android.gms:play-services-basement:9.0.0:18:5
MERGED from com.android.support:support-v4:25.0.0:21:5
MERGED from com.android.support:support-compat:25.0.0:21:5
MERGED from com.android.support:support-media-compat:25.0.0:21:5
MERGED from com.android.support:support-compat:25.0.0:21:5
MERGED from com.android.support:support-core-utils:25.0.0:21:5
MERGED from com.android.support:support-compat:25.0.0:21:5
MERGED from com.android.support:support-core-ui:25.0.0:21:5
MERGED from com.android.support:support-compat:25.0.0:21:5
MERGED from com.android.support:support-fragment:25.0.0:21:5
MERGED from com.android.support:support-compat:25.0.0:21:5
MERGED from com.android.support:support-media-compat:25.0.0:21:5
MERGED from com.android.support:support-compat:25.0.0:21:5
MERGED from com.android.support:support-core-ui:25.0.0:21:5
MERGED from com.android.support:support-compat:25.0.0:21:5
MERGED from com.android.support:support-core-utils:25.0.0:21:5
MERGED from com.android.support:support-compat:25.0.0:21:5
MERGED from com.google.android.gms:play-services-tasks:9.0.0:4:5
MERGED from com.google.android.gms:play-services-basement:9.0.0:18:5
MERGED from com.android.support:support-v4:25.0.0:21:5
MERGED from com.android.support:support-compat:25.0.0:21:5
MERGED from com.android.support:support-media-compat:25.0.0:21:5
MERGED from com.android.support:support-compat:25.0.0:21:5
MERGED from com.android.support:support-core-utils:25.0.0:21:5
MERGED from com.android.support:support-compat:25.0.0:21:5
MERGED from com.android.support:support-core-ui:25.0.0:21:5
MERGED from com.android.support:support-compat:25.0.0:21:5
MERGED from com.android.support:support-fragment:25.0.0:21:5
MERGED from com.android.support:support-compat:25.0.0:21:5
MERGED from com.android.support:support-media-compat:25.0.0:21:5
MERGED from com.android.support:support-compat:25.0.0:21:5
MERGED from com.android.support:support-core-ui:25.0.0:21:5
MERGED from com.android.support:support-compat:25.0.0:21:5
MERGED from com.android.support:support-core-utils:25.0.0:21:5
MERGED from com.android.support:support-compat:25.0.0:21:5
MERGED from com.google.android.gms:play-services-tasks:9.0.0:4:5
MERGED from com.google.android.gms:play-services-basement:9.0.0:18:5
MERGED from com.android.support:support-v4:25.0.0:21:5
MERGED from com.android.support:support-compat:25.0.0:21:5
MERGED from com.android.support:support-media-compat:25.0.0:21:5
MERGED from com.android.support:support-compat:25.0.0:21:5
MERGED from com.android.support:support-core-utils:25.0.0:21:5
MERGED from com.android.support:support-compat:25.0.0:21:5
MERGED from com.android.support:support-core-ui:25.0.0:21:5
MERGED from com.android.support:support-compat:25.0.0:21:5
MERGED from com.android.support:support-fragment:25.0.0:21:5
MERGED from com.android.support:support-compat:25.0.0:21:5
MERGED from com.android.support:support-media-compat:25.0.0:21:5
MERGED from com.android.support:support-compat:25.0.0:21:5
MERGED from com.android.support:support-core-ui:25.0.0:21:5
MERGED from com.android.support:support-compat:25.0.0:21:5
MERGED from com.android.support:support-core-utils:25.0.0:21:5
MERGED from com.android.support:support-compat:25.0.0:21:5
MERGED from com.google.android.gms:play-services-basement:9.0.0:18:5
MERGED from com.android.support:support-v4:25.0.0:21:5
MERGED from com.android.support:support-compat:25.0.0:21:5
MERGED from com.android.support:support-media-compat:25.0.0:21:5
MERGED from com.android.support:support-compat:25.0.0:21:5
MERGED from com.android.support:support-core-utils:25.0.0:21:5
MERGED from com.android.support:support-compat:25.0.0:21:5
MERGED from com.android.support:support-core-ui:25.0.0:21:5
MERGED from com.android.support:support-compat:25.0.0:21:5
MERGED from com.android.support:support-fragment:25.0.0:21:5
MERGED from com.android.support:support-compat:25.0.0:21:5
MERGED from com.android.support:support-media-compat:25.0.0:21:5
MERGED from com.android.support:support-compat:25.0.0:21:5
MERGED from com.android.support:support-core-ui:25.0.0:21:5
MERGED from com.android.support:support-compat:25.0.0:21:5
MERGED from com.android.support:support-core-utils:25.0.0:21:5
MERGED from com.android.support:support-compat:25.0.0:21:5
MERGED from com.google.android.gms:play-services-base:9.0.0:18:5
MERGED from com.google.android.gms:play-services-basement:9.0.0:18:5
MERGED from com.android.support:support-v4:25.0.0:21:5
MERGED from com.android.support:support-compat:25.0.0:21:5
MERGED from com.android.support:support-media-compat:25.0.0:21:5
MERGED from com.android.support:support-compat:25.0.0:21:5
MERGED from com.android.support:support-core-utils:25.0.0:21:5
MERGED from com.android.support:support-compat:25.0.0:21:5
MERGED from com.android.support:support-core-ui:25.0.0:21:5
MERGED from com.android.support:support-compat:25.0.0:21:5
MERGED from com.android.support:support-fragment:25.0.0:21:5
MERGED from com.android.support:support-compat:25.0.0:21:5
MERGED from com.android.support:support-media-compat:25.0.0:21:5
MERGED from com.android.support:support-compat:25.0.0:21:5
MERGED from com.android.support:support-core-ui:25.0.0:21:5
MERGED from com.android.support:support-compat:25.0.0:21:5
MERGED from com.android.support:support-core-utils:25.0.0:21:5
MERGED from com.android.support:support-compat:25.0.0:21:5
MERGED from com.google.firebase:firebase-common:9.0.0:4:5
MERGED from com.google.android.gms:play-services-basement:9.0.0:18:5
MERGED from com.android.support:support-v4:25.0.0:21:5
MERGED from com.android.support:support-compat:25.0.0:21:5
MERGED from com.android.support:support-media-compat:25.0.0:21:5
MERGED from com.android.support:support-compat:25.0.0:21:5
MERGED from com.android.support:support-core-utils:25.0.0:21:5
MERGED from com.android.support:support-compat:25.0.0:21:5
MERGED from com.android.support:support-core-ui:25.0.0:21:5
MERGED from com.android.support:support-compat:25.0.0:21:5
MERGED from com.android.support:support-fragment:25.0.0:21:5
MERGED from com.android.support:support-compat:25.0.0:21:5
MERGED from com.android.support:support-media-compat:25.0.0:21:5
MERGED from com.android.support:support-compat:25.0.0:21:5
MERGED from com.android.support:support-core-ui:25.0.0:21:5
MERGED from com.android.support:support-compat:25.0.0:21:5
MERGED from com.android.support:support-core-utils:25.0.0:21:5
MERGED from com.android.support:support-compat:25.0.0:21:5
MERGED from com.google.android.gms:play-services-tasks:9.0.0:4:5
MERGED from com.google.android.gms:play-services-basement:9.0.0:18:5
MERGED from com.android.support:support-v4:25.0.0:21:5
MERGED from com.android.support:support-compat:25.0.0:21:5
MERGED from com.android.support:support-media-compat:25.0.0:21:5
MERGED from com.android.support:support-compat:25.0.0:21:5
MERGED from com.android.support:support-core-utils:25.0.0:21:5
MERGED from com.android.support:support-compat:25.0.0:21:5
MERGED from com.android.support:support-core-ui:25.0.0:21:5
MERGED from com.android.support:support-compat:25.0.0:21:5
MERGED from com.android.support:support-fragment:25.0.0:21:5
MERGED from com.android.support:support-compat:25.0.0:21:5
MERGED from com.android.support:support-media-compat:25.0.0:21:5
MERGED from com.android.support:support-compat:25.0.0:21:5
MERGED from com.android.support:support-core-ui:25.0.0:21:5
MERGED from com.android.support:support-compat:25.0.0:21:5
MERGED from com.android.support:support-core-utils:25.0.0:21:5
MERGED from com.android.support:support-compat:25.0.0:21:5
MERGED from com.google.android.gms:play-services-tasks:9.0.0:4:5
MERGED from com.google.android.gms:play-services-basement:9.0.0:18:5
MERGED from com.android.support:support-v4:25.0.0:21:5
MERGED from com.android.support:support-compat:25.0.0:21:5
MERGED from com.android.support:support-media-compat:25.0.0:21:5
MERGED from com.android.support:support-compat:25.0.0:21:5
MERGED from com.android.support:support-core-utils:25.0.0:21:5
MERGED from com.android.support:support-compat:25.0.0:21:5
MERGED from com.android.support:support-core-ui:25.0.0:21:5
MERGED from com.android.support:support-compat:25.0.0:21:5
MERGED from com.android.support:support-fragment:25.0.0:21:5
MERGED from com.android.support:support-compat:25.0.0:21:5
MERGED from com.android.support:support-media-compat:25.0.0:21:5
MERGED from com.android.support:support-compat:25.0.0:21:5
MERGED from com.android.support:support-core-ui:25.0.0:21:5
MERGED from com.android.support:support-compat:25.0.0:21:5
MERGED from com.android.support:support-core-utils:25.0.0:21:5
MERGED from com.android.support:support-compat:25.0.0:21:5
MERGED from com.google.android.gms:play-services-basement:9.0.0:18:5
MERGED from com.android.support:support-v4:25.0.0:21:5
MERGED from com.android.support:support-compat:25.0.0:21:5
MERGED from com.android.support:support-media-compat:25.0.0:21:5
MERGED from com.android.support:support-compat:25.0.0:21:5
MERGED from com.android.support:support-core-utils:25.0.0:21:5
MERGED from com.android.support:support-compat:25.0.0:21:5
MERGED from com.android.support:support-core-ui:25.0.0:21:5
MERGED from com.android.support:support-compat:25.0.0:21:5
MERGED from com.android.support:support-fragment:25.0.0:21:5
MERGED from com.android.support:support-compat:25.0.0:21:5
MERGED from com.android.support:support-media-compat:25.0.0:21:5
MERGED from com.android.support:support-compat:25.0.0:21:5
MERGED from com.android.support:support-core-ui:25.0.0:21:5
MERGED from com.android.support:support-compat:25.0.0:21:5
MERGED from com.android.support:support-core-utils:25.0.0:21:5
MERGED from com.android.support:support-compat:25.0.0:21:5
MERGED from com.google.android.gms:play-services-maps:9.0.0:26:5
MERGED from com.google.android.gms:play-services-base:9.0.0:18:5
MERGED from com.google.android.gms:play-services-basement:9.0.0:18:5
MERGED from com.android.support:support-v4:25.0.0:21:5
MERGED from com.android.support:support-compat:25.0.0:21:5
MERGED from com.android.support:support-media-compat:25.0.0:21:5
MERGED from com.android.support:support-compat:25.0.0:21:5
MERGED from com.android.support:support-core-utils:25.0.0:21:5
MERGED from com.android.support:support-compat:25.0.0:21:5
MERGED from com.android.support:support-core-ui:25.0.0:21:5
MERGED from com.android.support:support-compat:25.0.0:21:5
MERGED from com.android.support:support-fragment:25.0.0:21:5
MERGED from com.android.support:support-compat:25.0.0:21:5
MERGED from com.android.support:support-media-compat:25.0.0:21:5
MERGED from com.android.support:support-compat:25.0.0:21:5
MERGED from com.android.support:support-core-ui:25.0.0:21:5
MERGED from com.android.support:support-compat:25.0.0:21:5
MERGED from com.android.support:support-core-utils:25.0.0:21:5
MERGED from com.android.support:support-compat:25.0.0:21:5
MERGED from com.google.firebase:firebase-common:9.0.0:4:5
MERGED from com.google.android.gms:play-services-basement:9.0.0:18:5
MERGED from com.android.support:support-v4:25.0.0:21:5
MERGED from com.android.support:support-compat:25.0.0:21:5
MERGED from com.android.support:support-media-compat:25.0.0:21:5
MERGED from com.android.support:support-compat:25.0.0:21:5
MERGED from com.android.support:support-core-utils:25.0.0:21:5
MERGED from com.android.support:support-compat:25.0.0:21:5
MERGED from com.android.support:support-core-ui:25.0.0:21:5
MERGED from com.android.support:support-compat:25.0.0:21:5
MERGED from com.android.support:support-fragment:25.0.0:21:5
MERGED from com.android.support:support-compat:25.0.0:21:5
MERGED from com.android.support:support-media-compat:25.0.0:21:5
MERGED from com.android.support:support-compat:25.0.0:21:5
MERGED from com.android.support:support-core-ui:25.0.0:21:5
MERGED from com.android.support:support-compat:25.0.0:21:5
MERGED from com.android.support:support-core-utils:25.0.0:21:5
MERGED from com.android.support:support-compat:25.0.0:21:5
MERGED from com.google.android.gms:play-services-tasks:9.0.0:4:5
MERGED from com.google.android.gms:play-services-basement:9.0.0:18:5
MERGED from com.android.support:support-v4:25.0.0:21:5
MERGED from com.android.support:support-compat:25.0.0:21:5
MERGED from com.android.support:support-media-compat:25.0.0:21:5
MERGED from com.android.support:support-compat:25.0.0:21:5
MERGED from com.android.support:support-core-utils:25.0.0:21:5
MERGED from com.android.support:support-compat:25.0.0:21:5
MERGED from com.android.support:support-core-ui:25.0.0:21:5
MERGED from com.android.support:support-compat:25.0.0:21:5
MERGED from com.android.support:support-fragment:25.0.0:21:5
MERGED from com.android.support:support-compat:25.0.0:21:5
MERGED from com.android.support:support-media-compat:25.0.0:21:5
MERGED from com.android.support:support-compat:25.0.0:21:5
MERGED from com.android.support:support-core-ui:25.0.0:21:5
MERGED from com.android.support:support-compat:25.0.0:21:5
MERGED from com.android.support:support-core-utils:25.0.0:21:5
MERGED from com.android.support:support-compat:25.0.0:21:5
MERGED from com.google.android.gms:play-services-tasks:9.0.0:4:5
MERGED from com.google.android.gms:play-services-basement:9.0.0:18:5
MERGED from com.android.support:support-v4:25.0.0:21:5
MERGED from com.android.support:support-compat:25.0.0:21:5
MERGED from com.android.support:support-media-compat:25.0.0:21:5
MERGED from com.android.support:support-compat:25.0.0:21:5
MERGED from com.android.support:support-core-utils:25.0.0:21:5
MERGED from com.android.support:support-compat:25.0.0:21:5
MERGED from com.android.support:support-core-ui:25.0.0:21:5
MERGED from com.android.support:support-compat:25.0.0:21:5
MERGED from com.android.support:support-fragment:25.0.0:21:5
MERGED from com.android.support:support-compat:25.0.0:21:5
MERGED from com.android.support:support-media-compat:25.0.0:21:5
MERGED from com.android.support:support-compat:25.0.0:21:5
MERGED from com.android.support:support-core-ui:25.0.0:21:5
MERGED from com.android.support:support-compat:25.0.0:21:5
MERGED from com.android.support:support-core-utils:25.0.0:21:5
MERGED from com.android.support:support-compat:25.0.0:21:5
MERGED from com.google.android.gms:play-services-basement:9.0.0:18:5
MERGED from com.android.support:support-v4:25.0.0:21:5
MERGED from com.android.support:support-compat:25.0.0:21:5
MERGED from com.android.support:support-media-compat:25.0.0:21:5
MERGED from com.android.support:support-compat:25.0.0:21:5
MERGED from com.android.support:support-core-utils:25.0.0:21:5